gcc: error: unrecognized debug output level ‘pu=cc80’
gcc: error: unrecognized debug output level ‘pu=nomanaged’
Using built-in specs.
COLLECT_GCC=/usr/bin/gcc
COLLECT_LTO_WRAPPER=/usr/libexec/gcc/x86_64-redhat-linux/11/lto-wrapper
OFFLOAD_TARGET_NAMES=nvptx-none
OFFLOAD_TARGET_DEFAULT=1
gcc: error: unrecognized command-line option ‘-fast’; did you mean ‘-Ofast’?
gcc: error: unrecognized command-line option ‘-Minfo=all’
gcc: error: unrecognized command-line option ‘-Mneginfo’
gcc: error: unrecognized command-line option ‘-target=gpu’
gcc: error: unrecognized command-line option ‘-mp=multicore,gpu’
Target: x86_64-redhat-linux
Configured with: ../configure --enable-bootstrap --enable-host-pie --enable-host-bind-now --enable-languages=c,c++,fortran,lto --prefix=/usr --mandir=/usr/share/man --infodir=/usr/share/info --with-bugurl=http://bugs.almalinux.org/ --enable-shared --enable-threads=posix --enable-checking=release --with-system-zlib --enable-__cxa_atexit --disable-libunwind-exceptions --enable-gnu-unique-object --enable-linker-build-id --with-gcc-major-version-only --enable-plugin --enable-initfini-array --without-isl --enable-multilib --with-linker-hash-style=gnu --enable-offload-targets=nvptx-none --without-cuda-driver --enable-gnu-indirect-function --enable-cet --with-tune=generic --with-arch_64=x86-64-v2 --with-arch_32=x86-64 --build=x86_64-redhat-linux --with-build-config=bootstrap-lto --enable-link-serialization=1
Thread model: posix
Supported LTO compression algorithms: zlib zstd
gcc version 11.5.0 20240719 (Red Hat 11.5.0-5) (GCC) 
cpu-bind=MASK - gpu002, task  0  0 [130485]: mask 0x55000055 set
cpu-bind=MASK - gpu002, task  1  1 [130486]: mask 0xaa0000aa set
cpu-bind=MASK - gpu002, task  2  2 [130487]: mask 0x5500005500 set
cpu-bind=MASK - gpu002, task  3  3 [130488]: mask 0x550000550000 set
slurmstepd: error: execve(): /orfeo/cephfs/home/dssc/adellasiega/Advanced-HPC-Project/mpi_omp_gpu/two-side-communication/./jacobi.x: No such file or directory
slurmstepd: error: execve(): /orfeo/cephfs/home/dssc/adellasiega/Advanced-HPC-Project/mpi_omp_gpu/two-side-communication/./jacobi.x: No such file or directory
slurmstepd: error: execve(): /orfeo/cephfs/home/dssc/adellasiega/Advanced-HPC-Project/mpi_omp_gpu/two-side-communication/./jacobi.x: No such file or directory
slurmstepd: error: execve(): /orfeo/cephfs/home/dssc/adellasiega/Advanced-HPC-Project/mpi_omp_gpu/two-side-communication/./jacobi.x: No such file or directory
srun: error: gpu002: tasks 0-3: Exited with exit code 2
